<?xml version="1.0" encoding="UTF-8"?>
<testsuites>
  <testsuite id="0" name="/Users/alexbillingsley/Developer/developertown/infrastructure/src/in_memory/__tests__/inMemoryListRepository.test.ts" errors="0" package="/Users/alexbillingsley/Developer/developertown/infrastructure/src/in_memory/__tests__/inMemoryListRepository.test.ts" hostname="localhost" tests="10" failures="0" time="2.836" timestamp="2018-06-23T13:22:00">
    <properties>
    </properties>
    <testcase classname="List" name="returns all resources" time="0">
    </testcase>
    <testcase classname="InMemoryListRepository" name="returns specific page" time="0">
    </testcase>
    <testcase classname="GetById" name="that is found" time="0">
    </testcase>
    <testcase classname="GetById" name="that is unknown" time="0">
    </testcase>
    <testcase classname="Add" name="creates a new resource" time="0">
    </testcase>
    <testcase classname="Update" name="updates to new name" time="0">
    </testcase>
    <testcase classname="Update" name="reuses same name" time="0">
    </testcase>
    <testcase classname="Update" name="that is unknown" time="0">
    </testcase>
    <testcase classname="Delete" name="removes resource" time="0">
    </testcase>
    <testcase classname="Delete" name="that is unknown" time="0">
    </testcase>
    <system-out/>
    <system-err/>
  </testsuite>
  <testsuite id="1" name="/Users/alexbillingsley/Developer/developertown/infrastructure/src/postgres/__tests__/sequelizeRepository.test.ts" errors="0" package="/Users/alexbillingsley/Developer/developertown/infrastructure/src/postgres/__tests__/sequelizeRepository.test.ts" hostname="localhost" tests="10" failures="0" time="4.147" timestamp="2018-06-23T13:22:00">
    <properties>
    </properties>
    <testcase classname="List" name="returns all resources" time="0">
    </testcase>
    <testcase classname="SequelizeRepository" name="returns specific page" time="0">
    </testcase>
    <testcase classname="GetById" name="that is found" time="0">
    </testcase>
    <testcase classname="GetById" name="that is unknown" time="0">
    </testcase>
    <testcase classname="Add" name="creates a new resource" time="0">
    </testcase>
    <testcase classname="Update" name="updates to new name" time="0">
    </testcase>
    <testcase classname="Update" name="reuses same name" time="0">
    </testcase>
    <testcase classname="Update" name="that is unknown" time="0">
    </testcase>
    <testcase classname="Delete" name="removes resource" time="0">
    </testcase>
    <testcase classname="Delete" name="that is unknown" time="0">
    </testcase>
    <system-out/>
    <system-err/>
  </testsuite>
</testsuites>